[35m[Appium][39m Welcome to Appium v1.18.2
[35m[Appium][39m Non-default server args:
[35m[Appium][39m   port: 63710
[35m[Appium][39m   loglevel: info
[35m[Appium][39m   tmpDir: /var/folders/yt/0qfd33n53wg80b9ycrdbrrn40000gn/T//Katalon/Appium/Temp1615985176213
[35m[Appium][39m   chromedriverPort: 63711
[35m[Appium][39m Deprecated server args:
[35m[Appium][39m   [31m--chromedriver-port[39m => --default-capabilities '{"chromedriverPort":63711}'
[35m[Appium][39m Default capabilities, which will be added to each request unless overridden by desired capabilities:
[35m[Appium][39m   chromedriverPort: 63711
[35m[Appium][39m Appium REST http interface listener started on 0.0.0.0:63710
[35m[HTTP][39m [37m-->[39m [37mGET[39m [37m/wd/hub/status[39m
[35m[HTTP][39m [90m{}[39m
[35m[HTTP][39m [37m<-- GET /wd/hub/status [39m[32m200[39m [90m5 ms - 68[39m
[35m[HTTP][39m [90m[39m
[35m[HTTP][39m [37m-->[39m [37mGET[39m [37m/wd/hub/status[39m
[35m[HTTP][39m [90m{}[39m
[35m[HTTP][39m [37m<-- GET /wd/hub/status [39m[32m200[39m [90m1 ms - 68[39m
[35m[HTTP][39m [90m[39m
[35m[HTTP][39m [37m-->[39m [37mPOST[39m [37m/wd/hub/session[39m
[35m[HTTP][39m [90m{"desiredCapabilities":{"appActivity":".Settings","appPackage":"com.android.settings","newCommandTimeout":1800,"platformVersion":"9","automationName":"uiautomator2","autoGrantPermissions":true,"platformName":"Android","udid":"emulator-5554","deviceName":"emulator-5554 (AOSP on IA Emulator - Android 9)","platform":"ANDROID","systemPort":8221},"capabilities":{"firstMatch":[{"appium:appActivity":".Settings","appium:appPackage":"com.android.settings","appium:autoGrantPermissions":true,"appium:automationName":"uiautomator2","appium:deviceName":"emulator-5554 (AOSP on IA Emulator - Android 9)","appium:newCommandTimeout":1800,"platform":"ANDROID","platformName":"android","appium:platformVersion":"9","appium:systemPort":8221,"appium:udid":"emulator-5554"}]}}[39m
[35m[BaseDriver][39m The following capabilities are not standard capabilities and should have an extension prefix:
[35m[BaseDriver][39m   platform
[35m[BaseDriver][39m   chromedriverPort
[35m[Appium][39m Appium v1.18.2 creating new AndroidUiautomator2Driver (v1.56.1) session
[35m[BaseDriver][39m The following capabilities were provided, but are not recognized by Appium:
[35m[BaseDriver][39m   platform
[35m[BaseDriver][39m Session created with session id: 336136a9-131b-4ae6-a835-95faa520aebe
[35m[UiAutomator2][39m Starting 'com.android.settings' directly on the device
[35m[ADB][39m Found 1 'build-tools' folders under '/Users/swati.kalra/.katalon/tools/android_sdk' (newest first):
[35m[ADB][39m     /Users/swati.kalra/.katalon/tools/android_sdk/build-tools/29.0.3
[35m[ADB][39m Using 'adb' from '/Users/swati.kalra/.katalon/tools/android_sdk/platform-tools/adb'
[35m[AndroidDriver][39m Retrieving device list
[35m[AndroidDriver][39m Using device: emulator-5554
[35m[ADB][39m Using 'adb' from '/Users/swati.kalra/.katalon/tools/android_sdk/platform-tools/adb'
[35m[ADB][39m Getting device platform version
[35m[UiAutomator2][39m Relaxing hidden api policy
[35m[AndroidDriver][39m No app sent in, not parsing package/activity
[35m[ADB][39m Using 'apksigner.jar' from '/Users/swati.kalra/.katalon/tools/android_sdk/build-tools/29.0.3/lib/apksigner.jar'
[35m[UiAutomator2][39m Server packages are not going to be (re)installed
[35m[UiAutomator2][39m Starting UIAutomator2 server 4.12.2
[35m[UiAutomator2][39m Using UIAutomator2 server from '/usr/local/lib/node_modules/appium/node_modules/appium-uiautomator2-server/apks/appium-uiautomator2-server-v4.12.2.apk' and test from '/usr/local/lib/node_modules/appium/node_modules/appium-uiautomator2-server/apks/appium-uiautomator2-server-debug-androidTest.apk'
[35m[UiAutomator2][39m Waiting up to 30000ms for UiAutomator2 to be online...
[35m[WD Proxy][39m socket hang up
[35m[WD Proxy][39m Determined the downstream protocol as 'W3C'
[35m[AndroidDriver][39m Screen already unlocked, doing nothing
[35m[UiAutomator2][39m Starting 'com.android.settings/.Settings and waiting for 'com.android.settings/.Settings'
[35m[Appium][39m New AndroidUiautomator2Driver session created successfully, session 336136a9-131b-4ae6-a835-95faa520aebe added to master session list
[35m[HTTP][39m [37m<-- POST /wd/hub/session [39m[32m200[39m [90m4911 ms - 1192[39m
[35m[HTTP][39m [90m[39m
[35m[HTTP][39m [37m-->[39m [37mGET[39m [37m/wd/hub/session/336136a9-131b-4ae6-a835-95faa520aebe[39m
[35m[HTTP][39m [90m{}[39m
[35m[HTTP][39m [37m<-- GET /wd/hub/session/336136a9-131b-4ae6-a835-95faa520aebe [39m[32m200[39m [90m10 ms - 1146[39m
[35m[HTTP][39m [90m[39m
[35m[HTTP][39m [37m-->[39m [37mGET[39m [37m/wd/hub/session/336136a9-131b-4ae6-a835-95faa520aebe[39m
[35m[HTTP][39m [90m{}[39m
[35m[HTTP][39m [37m<-- GET /wd/hub/session/336136a9-131b-4ae6-a835-95faa520aebe [39m[32m200[39m [90m11 ms - 1146[39m
[35m[HTTP][39m [90m[39m
[35m[HTTP][39m [37m-->[39m [37mGET[39m [37m/wd/hub/status[39m
[35m[HTTP][39m [90m{}[39m
[35m[HTTP][39m [37m<-- GET /wd/hub/status [39m[32m200[39m [90m1 ms - 68[39m
[35m[HTTP][39m [90m[39m
[35m[HTTP][39m [37m-->[39m [37mPOST[39m [37m/wd/hub/session/336136a9-131b-4ae6-a835-95faa520aebe/timeouts[39m
[35m[HTTP][39m [90m{"implicit":60000}[39m
[35m[HTTP][39m [37m<-- POST /wd/hub/session/336136a9-131b-4ae6-a835-95faa520aebe/timeouts [39m[32m200[39m [90m2 ms - 14[39m
[35m[HTTP][39m [90m[39m
[35m[HTTP][39m [37m-->[39m [37mGET[39m [37m/wd/hub/session/336136a9-131b-4ae6-a835-95faa520aebe/screenshot[39m
[35m[HTTP][39m [90m{}[39m
[35m[HTTP][39m [37m<-- GET /wd/hub/session/336136a9-131b-4ae6-a835-95faa520aebe/screenshot [39m[32m200[39m [90m309 ms - 40954[39m
[35m[HTTP][39m [90m[39m
[35m[HTTP][39m [37m-->[39m [37mGET[39m [37m/wd/hub/session/336136a9-131b-4ae6-a835-95faa520aebe/window/rect[39m
[35m[HTTP][39m [90m{}[39m
[35m[HTTP][39m [37m<-- GET /wd/hub/session/336136a9-131b-4ae6-a835-95faa520aebe/window/rect [39m[32m200[39m [90m17 ms - 50[39m
[35m[HTTP][39m [90m[39m
[35m[HTTP][39m [37m-->[39m [37mGET[39m [37m/wd/hub/session/336136a9-131b-4ae6-a835-95faa520aebe/appium/device/system_bars[39m
[35m[HTTP][39m [90m{}[39m
[35m[HTTP][39m [37m<-- GET /wd/hub/session/336136a9-131b-4ae6-a835-95faa520aebe/appium/device/system_bars [39m[32m200[39m [90m47 ms - 148[39m
[35m[HTTP][39m [90m[39m
[35m[HTTP][39m [37m-->[39m [37mPOST[39m [37m/wd/hub/session/336136a9-131b-4ae6-a835-95faa520aebe/appium/device/activate_app[39m
[35m[HTTP][39m [90m{"bundleId":"com.google.android.dialer"}[39m
[35m[HTTP][39m [37m<-- POST /wd/hub/session/336136a9-131b-4ae6-a835-95faa520aebe/appium/device/activate_app [39m[32m200[39m [90m303 ms - 14[39m
[35m[HTTP][39m [90m[39m
[35m[HTTP][39m [37m-->[39m [37mGET[39m [37m/wd/hub/session/336136a9-131b-4ae6-a835-95faa520aebe/source[39m
[35m[HTTP][39m [90m{}[39m
[35m[W3C (336136a9)][39m Driver proxy active, passing request on via HTTP proxy
[35m[WD Proxy][39m Replacing sessionId cbfb49dc-546b-452f-a83d-890882ed8fa3 with 336136a9-131b-4ae6-a835-95faa520aebe
[35m[HTTP][39m [37m<-- GET /wd/hub/session/336136a9-131b-4ae6-a835-95faa520aebe/source [39m[32m200[39m [90m101 ms - 600[39m
[35m[HTTP][39m [90m[39m
[35m[HTTP][39m [37m-->[39m [37mGET[39m [37m/wd/hub/session/336136a9-131b-4ae6-a835-95faa520aebe/screenshot[39m
[35m[HTTP][39m [90m{}[39m
[35m[HTTP][39m [37m<-- GET /wd/hub/session/336136a9-131b-4ae6-a835-95faa520aebe/screenshot [39m[32m200[39m [90m287 ms - 180062[39m
[35m[HTTP][39m [90m[39m
[35m[HTTP][39m [37m-->[39m [37mPOST[39m [37m/wd/hub/session/336136a9-131b-4ae6-a835-95faa520aebe/elements[39m
[35m[HTTP][39m [90m{"using":"xpath","value":"//*[@class = 'android.widget.FrameLayout' and (@text = '' or . = '')]"}[39m
[35m[HTTP][39m [37m<-- POST /wd/hub/session/336136a9-131b-4ae6-a835-95faa520aebe/elements [39m[32m200[39m [90m272 ms - 1931[39m
[35m[HTTP][39m [90m[39m
[35m[HTTP][39m [37m-->[39m [37mPOST[39m [37m/wd/hub/session/336136a9-131b-4ae6-a835-95faa520aebe/elements[39m
[35m[HTTP][39m [90m{"using":"-android uiautomator","value":"new UiSelector().className(\"android.widget.FrameLayout\")"}[39m
[35m[HTTP][39m [37m<-- POST /wd/hub/session/336136a9-131b-4ae6-a835-95faa520aebe/elements [39m[32m200[39m [90m256 ms - 1931[39m
[35m[HTTP][39m [90m[39m
[35m[HTTP][39m [37m-->[39m [37mGET[39m [37m/wd/hub/session/336136a9-131b-4ae6-a835-95faa520aebe/window/rect[39m
[35m[HTTP][39m [90m{}[39m
[35m[HTTP][39m [37m<-- GET /wd/hub/session/336136a9-131b-4ae6-a835-95faa520aebe/window/rect [39m[32m200[39m [90m14 ms - 50[39m
[35m[HTTP][39m [90m[39m
[35m[HTTP][39m [37m-->[39m [37mPOST[39m [37m/wd/hub/session/336136a9-131b-4ae6-a835-95faa520aebe/elements[39m
[35m[HTTP][39m [90m{"using":"xpath","value":"//hierarchy/android.widget.FrameLayout[1]"}[39m
[35m[HTTP][39m [37m<-- POST /wd/hub/session/336136a9-131b-4ae6-a835-95faa520aebe/elements [39m[32m200[39m [90m119 ms - 139[39m
[35m[HTTP][39m [90m[39m
[35m[HTTP][39m [37m-->[39m [37mGET[39m [37m/wd/hub/session/336136a9-131b-4ae6-a835-95faa520aebe/element/1cc50ffe-3e4a-4622-9944-3f41800a6ad8/location[39m
[35m[HTTP][39m [90m{}[39m
[35m[W3C (336136a9)][39m Driver proxy active, passing request on via HTTP proxy
[35m[WD Proxy][39m Replacing sessionId cbfb49dc-546b-452f-a83d-890882ed8fa3 with 336136a9-131b-4ae6-a835-95faa520aebe
[35m[HTTP][39m [37m<-- GET /wd/hub/session/336136a9-131b-4ae6-a835-95faa520aebe/element/1cc50ffe-3e4a-4622-9944-3f41800a6ad8/location [39m[32m200[39m [90m13 ms - 74[39m
[35m[HTTP][39m [90m[39m
[35m[HTTP][39m [37m-->[39m [37mPOST[39m [37m/wd/hub/session/336136a9-131b-4ae6-a835-95faa520aebe/touch/perform[39m
[35m[HTTP][39m [90m{"actions":[{"action":"tap","options":{"x":1,"y":1,"element":"1cc50ffe-3e4a-4622-9944-3f41800a6ad8"}}]}[39m
[35m[UiAutomator2][39m calling get location: 1cc50ffe-3e4a-4622-9944-3f41800a6ad8
[35m[HTTP][39m [37m<-- POST /wd/hub/session/336136a9-131b-4ae6-a835-95faa520aebe/touch/perform [39m[32m200[39m [90m1541 ms - 14[39m
[35m[HTTP][39m [90m[39m
[35m[HTTP][39m [37m-->[39m [37mGET[39m [37m/wd/hub/session/336136a9-131b-4ae6-a835-95faa520aebe/source[39m
[35m[HTTP][39m [90m{}[39m
[35m[W3C (336136a9)][39m Driver proxy active, passing request on via HTTP proxy
[35m[WD Proxy][39m Replacing sessionId cbfb49dc-546b-452f-a83d-890882ed8fa3 with 336136a9-131b-4ae6-a835-95faa520aebe
[35m[HTTP][39m [37m<-- GET /wd/hub/session/336136a9-131b-4ae6-a835-95faa520aebe/source [39m[32m200[39m [90m146 ms - 20496[39m
[35m[HTTP][39m [90m[39m
[35m[HTTP][39m [37m-->[39m [37mGET[39m [37m/wd/hub/session/336136a9-131b-4ae6-a835-95faa520aebe/screenshot[39m
[35m[HTTP][39m [90m{}[39m
[35m[HTTP][39m [37m<-- GET /wd/hub/session/336136a9-131b-4ae6-a835-95faa520aebe/screenshot [39m[32m200[39m [90m484 ms - 115806[39m
[35m[HTTP][39m [90m[39m
[35m[HTTP][39m [37m-->[39m [37mPOST[39m [37m/wd/hub/session/336136a9-131b-4ae6-a835-95faa520aebe/elements[39m
[35m[HTTP][39m [90m{"using":"xpath","value":"//*[@class = 'android.widget.ImageButton' and @resource-id = 'com.google.android.dialer:id/fab' and (@text = '' or . = '')]"}[39m
[35m[HTTP][39m [37m<-- POST /wd/hub/session/336136a9-131b-4ae6-a835-95faa520aebe/elements [39m[32m200[39m [90m149 ms - 139[39m
[35m[HTTP][39m [90m[39m
[35m[HTTP][39m [37m-->[39m [37mGET[39m [37m/wd/hub/session/336136a9-131b-4ae6-a835-95faa520aebe/window/rect[39m
[35m[HTTP][39m [90m{}[39m
[35m[HTTP][39m [37m<-- GET /wd/hub/session/336136a9-131b-4ae6-a835-95faa520aebe/window/rect [39m[32m200[39m [90m10 ms - 50[39m
[35m[HTTP][39m [90m[39m
[35m[HTTP][39m [37m-->[39m [37mPOST[39m [37m/wd/hub/session/336136a9-131b-4ae6-a835-95faa520aebe/elements[39m
[35m[HTTP][39m [90m{"using":"xpath","value":"//*[@class = 'android.widget.ImageButton' and @resource-id = 'com.google.android.dialer:id/fab' and (@text = '' or . = '')]"}[39m
[35m[HTTP][39m [37m<-- POST /wd/hub/session/336136a9-131b-4ae6-a835-95faa520aebe/elements [39m[32m200[39m [90m121 ms - 139[39m
[35m[HTTP][39m [90m[39m
[35m[HTTP][39m [37m-->[39m [37mGET[39m [37m/wd/hub/session/336136a9-131b-4ae6-a835-95faa520aebe/element/f54b6177-6ca5-49e8-a394-109538ec936d/location[39m
[35m[HTTP][39m [90m{}[39m
[35m[W3C (336136a9)][39m Driver proxy active, passing request on via HTTP proxy
[35m[WD Proxy][39m Replacing sessionId cbfb49dc-546b-452f-a83d-890882ed8fa3 with 336136a9-131b-4ae6-a835-95faa520aebe
[35m[HTTP][39m [37m<-- GET /wd/hub/session/336136a9-131b-4ae6-a835-95faa520aebe/element/f54b6177-6ca5-49e8-a394-109538ec936d/location [39m[32m200[39m [90m15 ms - 79[39m
[35m[HTTP][39m [90m[39m
[35m[HTTP][39m [37m-->[39m [37mPOST[39m [37m/wd/hub/session/336136a9-131b-4ae6-a835-95faa520aebe/touch/perform[39m
[35m[HTTP][39m [90m{"actions":[{"action":"tap","options":{"x":1,"y":1,"element":"f54b6177-6ca5-49e8-a394-109538ec936d"}}]}[39m
[35m[UiAutomator2][39m calling get location: f54b6177-6ca5-49e8-a394-109538ec936d
[35m[HTTP][39m [37m<-- POST /wd/hub/session/336136a9-131b-4ae6-a835-95faa520aebe/touch/perform [39m[32m200[39m [90m147 ms - 14[39m
[35m[HTTP][39m [90m[39m
[35m[HTTP][39m [37m-->[39m [37mGET[39m [37m/wd/hub/session/336136a9-131b-4ae6-a835-95faa520aebe/source[39m
[35m[HTTP][39m [90m{}[39m
[35m[W3C (336136a9)][39m Driver proxy active, passing request on via HTTP proxy
[35m[WD Proxy][39m Replacing sessionId cbfb49dc-546b-452f-a83d-890882ed8fa3 with 336136a9-131b-4ae6-a835-95faa520aebe
[35m[HTTP][39m [37m<-- GET /wd/hub/session/336136a9-131b-4ae6-a835-95faa520aebe/source [39m[32m200[39m [90m938 ms - 46154[39m
[35m[HTTP][39m [90m[39m
[35m[HTTP][39m [37m-->[39m [37mGET[39m [37m/wd/hub/session/336136a9-131b-4ae6-a835-95faa520aebe/screenshot[39m
[35m[HTTP][39m [90m{}[39m
[35m[HTTP][39m [37m<-- GET /wd/hub/session/336136a9-131b-4ae6-a835-95faa520aebe/screenshot [39m[32m200[39m [90m375 ms - 97296[39m
[35m[HTTP][39m [90m[39m
[35m[HTTP][39m [37m-->[39m [37mPOST[39m [37m/wd/hub/session/336136a9-131b-4ae6-a835-95faa520aebe/elements[39m
[35m[HTTP][39m [90m{"using":"xpath","value":"//*[@class = 'android.widget.TextView' and (@text = '5' or . = '5') and @resource-id = 'com.google.android.dialer:id/dialpad_key_number']"}[39m
[35m[HTTP][39m [37m<-- POST /wd/hub/session/336136a9-131b-4ae6-a835-95faa520aebe/elements [39m[32m200[39m [90m279 ms - 139[39m
[35m[HTTP][39m [90m[39m
[35m[HTTP][39m [37m-->[39m [37mGET[39m [37m/wd/hub/session/336136a9-131b-4ae6-a835-95faa520aebe/window/rect[39m
[35m[HTTP][39m [90m{}[39m
[35m[HTTP][39m [37m<-- GET /wd/hub/session/336136a9-131b-4ae6-a835-95faa520aebe/window/rect [39m[32m200[39m [90m9 ms - 50[39m
[35m[HTTP][39m [90m[39m
[35m[HTTP][39m [37m-->[39m [37mPOST[39m [37m/wd/hub/session/336136a9-131b-4ae6-a835-95faa520aebe/elements[39m
[35m[HTTP][39m [90m{"using":"xpath","value":"//*[@class = 'android.widget.TextView' and (@text = '5' or . = '5') and @resource-id = 'com.google.android.dialer:id/dialpad_key_number']"}[39m
[35m[HTTP][39m [37m<-- POST /wd/hub/session/336136a9-131b-4ae6-a835-95faa520aebe/elements [39m[32m200[39m [90m256 ms - 139[39m
[35m[HTTP][39m [90m[39m
[35m[HTTP][39m [37m-->[39m [37mGET[39m [37m/wd/hub/session/336136a9-131b-4ae6-a835-95faa520aebe/element/d30600b2-84de-45b3-a553-2970b22e7126/location[39m
[35m[HTTP][39m [90m{}[39m
[35m[W3C (336136a9)][39m Driver proxy active, passing request on via HTTP proxy
[35m[WD Proxy][39m Replacing sessionId cbfb49dc-546b-452f-a83d-890882ed8fa3 with 336136a9-131b-4ae6-a835-95faa520aebe
[35m[HTTP][39m [37m<-- GET /wd/hub/session/336136a9-131b-4ae6-a835-95faa520aebe/element/d30600b2-84de-45b3-a553-2970b22e7126/location [39m[32m200[39m [90m12 ms - 79[39m
[35m[HTTP][39m [90m[39m
[35m[HTTP][39m [37m-->[39m [37mPOST[39m [37m/wd/hub/session/336136a9-131b-4ae6-a835-95faa520aebe/touch/perform[39m
[35m[HTTP][39m [90m{"actions":[{"action":"tap","options":{"x":1,"y":1,"element":"d30600b2-84de-45b3-a553-2970b22e7126"}}]}[39m
[35m[UiAutomator2][39m calling get location: d30600b2-84de-45b3-a553-2970b22e7126
[35m[HTTP][39m [37m<-- POST /wd/hub/session/336136a9-131b-4ae6-a835-95faa520aebe/touch/perform [39m[32m200[39m [90m656 ms - 14[39m
[35m[HTTP][39m [90m[39m
[35m[HTTP][39m [37m-->[39m [37mGET[39m [37m/wd/hub/session/336136a9-131b-4ae6-a835-95faa520aebe/source[39m
[35m[HTTP][39m [90m{}[39m
[35m[W3C (336136a9)][39m Driver proxy active, passing request on via HTTP proxy
[35m[WD Proxy][39m Replacing sessionId cbfb49dc-546b-452f-a83d-890882ed8fa3 with 336136a9-131b-4ae6-a835-95faa520aebe
[35m[HTTP][39m [37m<-- GET /wd/hub/session/336136a9-131b-4ae6-a835-95faa520aebe/source [39m[32m200[39m [90m247 ms - 46645[39m
[35m[HTTP][39m [90m[39m
[35m[HTTP][39m [37m-->[39m [37mGET[39m [37m/wd/hub/session/336136a9-131b-4ae6-a835-95faa520aebe/screenshot[39m
[35m[HTTP][39m [90m{}[39m
[35m[HTTP][39m [37m<-- GET /wd/hub/session/336136a9-131b-4ae6-a835-95faa520aebe/screenshot [39m[32m200[39m [90m341 ms - 101076[39m
[35m[HTTP][39m [90m[39m
[35m[HTTP][39m [37m-->[39m [37mPOST[39m [37m/wd/hub/session/336136a9-131b-4ae6-a835-95faa520aebe/elements[39m
[35m[HTTP][39m [90m{"using":"xpath","value":"//*[@class = 'android.widget.TextView' and (@text = '6' or . = '6') and @resource-id = 'com.google.android.dialer:id/dialpad_key_number']"}[39m
[35m[HTTP][39m [37m<-- POST /wd/hub/session/336136a9-131b-4ae6-a835-95faa520aebe/elements [39m[32m200[39m [90m250 ms - 139[39m
[35m[HTTP][39m [90m[39m
[35m[HTTP][39m [37m-->[39m [37mGET[39m [37m/wd/hub/session/336136a9-131b-4ae6-a835-95faa520aebe/window/rect[39m
[35m[HTTP][39m [90m{}[39m
[35m[HTTP][39m [37m<-- GET /wd/hub/session/336136a9-131b-4ae6-a835-95faa520aebe/window/rect [39m[32m200[39m [90m10 ms - 50[39m
[35m[HTTP][39m [90m[39m
[35m[HTTP][39m [37m-->[39m [37mPOST[39m [37m/wd/hub/session/336136a9-131b-4ae6-a835-95faa520aebe/elements[39m
[35m[HTTP][39m [90m{"using":"xpath","value":"//*[@class = 'android.widget.TextView' and (@text = '6' or . = '6') and @resource-id = 'com.google.android.dialer:id/dialpad_key_number']"}[39m
[35m[HTTP][39m [37m<-- POST /wd/hub/session/336136a9-131b-4ae6-a835-95faa520aebe/elements [39m[32m200[39m [90m241 ms - 139[39m
[35m[HTTP][39m [90m[39m
[35m[HTTP][39m [37m-->[39m [37mGET[39m [37m/wd/hub/session/336136a9-131b-4ae6-a835-95faa520aebe/element/da0512b2-7932-4f55-93e0-8b57bd38c0d2/location[39m
[35m[HTTP][39m [90m{}[39m
[35m[W3C (336136a9)][39m Driver proxy active, passing request on via HTTP proxy
[35m[WD Proxy][39m Replacing sessionId cbfb49dc-546b-452f-a83d-890882ed8fa3 with 336136a9-131b-4ae6-a835-95faa520aebe
[35m[HTTP][39m [37m<-- GET /wd/hub/session/336136a9-131b-4ae6-a835-95faa520aebe/element/da0512b2-7932-4f55-93e0-8b57bd38c0d2/location [39m[32m200[39m [90m12 ms - 79[39m
[35m[HTTP][39m [90m[39m
[35m[HTTP][39m [37m-->[39m [37mPOST[39m [37m/wd/hub/session/336136a9-131b-4ae6-a835-95faa520aebe/touch/perform[39m
[35m[HTTP][39m [90m{"actions":[{"action":"tap","options":{"x":1,"y":1,"element":"da0512b2-7932-4f55-93e0-8b57bd38c0d2"}}]}[39m
[35m[UiAutomator2][39m calling get location: da0512b2-7932-4f55-93e0-8b57bd38c0d2
[35m[HTTP][39m [37m<-- POST /wd/hub/session/336136a9-131b-4ae6-a835-95faa520aebe/touch/perform [39m[32m200[39m [90m972 ms - 14[39m
[35m[HTTP][39m [90m[39m
[35m[HTTP][39m [37m-->[39m [37mGET[39m [37m/wd/hub/session/336136a9-131b-4ae6-a835-95faa520aebe/source[39m
[35m[HTTP][39m [90m{}[39m
[35m[W3C (336136a9)][39m Driver proxy active, passing request on via HTTP proxy
[35m[WD Proxy][39m Replacing sessionId cbfb49dc-546b-452f-a83d-890882ed8fa3 with 336136a9-131b-4ae6-a835-95faa520aebe
[35m[HTTP][39m [37m<-- GET /wd/hub/session/336136a9-131b-4ae6-a835-95faa520aebe/source [39m[32m200[39m [90m271 ms - 50858[39m
[35m[HTTP][39m [90m[39m
[35m[HTTP][39m [37m-->[39m [37mGET[39m [37m/wd/hub/session/336136a9-131b-4ae6-a835-95faa520aebe/screenshot[39m
[35m[HTTP][39m [90m{}[39m
[35m[HTTP][39m [37m<-- GET /wd/hub/session/336136a9-131b-4ae6-a835-95faa520aebe/screenshot [39m[32m200[39m [90m284 ms - 128478[39m
[35m[HTTP][39m [90m[39m
[35m[HTTP][39m [37m-->[39m [37mPOST[39m [37m/wd/hub/session/336136a9-131b-4ae6-a835-95faa520aebe/elements[39m
[35m[HTTP][39m [90m{"using":"xpath","value":"//*[@class = 'android.widget.ImageButton' and @resource-id = 'com.google.android.dialer:id/dialpad_floating_action_button' and (@text = '' or . = '')]"}[39m
[35m[HTTP][39m [37m<-- POST /wd/hub/session/336136a9-131b-4ae6-a835-95faa520aebe/elements [39m[32m200[39m [90m265 ms - 139[39m
[35m[HTTP][39m [90m[39m
[35m[HTTP][39m [37m-->[39m [37mGET[39m [37m/wd/hub/session/336136a9-131b-4ae6-a835-95faa520aebe/window/rect[39m
[35m[HTTP][39m [90m{}[39m
[35m[HTTP][39m [37m<-- GET /wd/hub/session/336136a9-131b-4ae6-a835-95faa520aebe/window/rect [39m[32m200[39m [90m9 ms - 50[39m
[35m[HTTP][39m [90m[39m
[35m[HTTP][39m [37m-->[39m [37mPOST[39m [37m/wd/hub/session/336136a9-131b-4ae6-a835-95faa520aebe/elements[39m
[35m[HTTP][39m [90m{"using":"xpath","value":"//*[@class = 'android.widget.ImageButton' and @resource-id = 'com.google.android.dialer:id/dialpad_floating_action_button' and (@text = '' or . = '')]"}[39m
[35m[HTTP][39m [37m<-- POST /wd/hub/session/336136a9-131b-4ae6-a835-95faa520aebe/elements [39m[32m200[39m [90m242 ms - 139[39m
[35m[HTTP][39m [90m[39m
[35m[HTTP][39m [37m-->[39m [37mGET[39m [37m/wd/hub/session/336136a9-131b-4ae6-a835-95faa520aebe/element/000c61f2-4095-423c-9e36-f0ccb6ea3403/location[39m
[35m[HTTP][39m [90m{}[39m
[35m[W3C (336136a9)][39m Driver proxy active, passing request on via HTTP proxy
[35m[WD Proxy][39m Replacing sessionId cbfb49dc-546b-452f-a83d-890882ed8fa3 with 336136a9-131b-4ae6-a835-95faa520aebe
[35m[HTTP][39m [37m<-- GET /wd/hub/session/336136a9-131b-4ae6-a835-95faa520aebe/element/000c61f2-4095-423c-9e36-f0ccb6ea3403/location [39m[32m200[39m [90m11 ms - 79[39m
[35m[HTTP][39m [90m[39m
[35m[HTTP][39m [37m-->[39m [37mPOST[39m [37m/wd/hub/session/336136a9-131b-4ae6-a835-95faa520aebe/touch/perform[39m
[35m[HTTP][39m [90m{"actions":[{"action":"tap","options":{"x":1,"y":1,"element":"000c61f2-4095-423c-9e36-f0ccb6ea3403"}}]}[39m
[35m[UiAutomator2][39m calling get location: 000c61f2-4095-423c-9e36-f0ccb6ea3403
[35m[HTTP][39m [37m<-- POST /wd/hub/session/336136a9-131b-4ae6-a835-95faa520aebe/touch/perform [39m[32m200[39m [90m135 ms - 14[39m
[35m[HTTP][39m [90m[39m
[35m[HTTP][39m [37m-->[39m [37mGET[39m [37m/wd/hub/session/336136a9-131b-4ae6-a835-95faa520aebe/source[39m
[35m[HTTP][39m [90m{}[39m
[35m[W3C (336136a9)][39m Driver proxy active, passing request on via HTTP proxy
[35m[WD Proxy][39m Replacing sessionId cbfb49dc-546b-452f-a83d-890882ed8fa3 with 336136a9-131b-4ae6-a835-95faa520aebe
[35m[HTTP][39m [37m<-- GET /wd/hub/session/336136a9-131b-4ae6-a835-95faa520aebe/source [39m[32m200[39m [90m1120 ms - 5446[39m
[35m[HTTP][39m [90m[39m
[35m[HTTP][39m [37m-->[39m [37mGET[39m [37m/wd/hub/session/336136a9-131b-4ae6-a835-95faa520aebe/screenshot[39m
[35m[HTTP][39m [90m{}[39m
[35m[HTTP][39m [37m<-- GET /wd/hub/session/336136a9-131b-4ae6-a835-95faa520aebe/screenshot [39m[32m200[39m [90m240 ms - 183630[39m
[35m[HTTP][39m [90m[39m
[35m[HTTP][39m [37m-->[39m [37mPOST[39m [37m/wd/hub/session/336136a9-131b-4ae6-a835-95faa520aebe/elements[39m
[35m[HTTP][39m [90m{"using":"xpath","value":"//*[@class = 'android.widget.Button' and (@text = 'OK' or . = 'OK') and @resource-id = 'android:id/button1']"}[39m
[35m[HTTP][39m [37m<-- POST /wd/hub/session/336136a9-131b-4ae6-a835-95faa520aebe/elements [39m[32m200[39m [90m63 ms - 139[39m
[35m[HTTP][39m [90m[39m
[35m[HTTP][39m [37m-->[39m [37mGET[39m [37m/wd/hub/session/336136a9-131b-4ae6-a835-95faa520aebe/window/rect[39m
[35m[HTTP][39m [90m{}[39m
[35m[HTTP][39m [37m<-- GET /wd/hub/session/336136a9-131b-4ae6-a835-95faa520aebe/window/rect [39m[32m200[39m [90m15 ms - 50[39m
[35m[HTTP][39m [90m[39m
[35m[HTTP][39m [37m-->[39m [37mPOST[39m [37m/wd/hub/session/336136a9-131b-4ae6-a835-95faa520aebe/elements[39m
[35m[HTTP][39m [90m{"using":"xpath","value":"//*[@class = 'android.widget.Button' and (@text = 'OK' or . = 'OK') and @resource-id = 'android:id/button1']"}[39m
[35m[HTTP][39m [37m<-- POST /wd/hub/session/336136a9-131b-4ae6-a835-95faa520aebe/elements [39m[32m200[39m [90m45 ms - 139[39m
[35m[HTTP][39m [90m[39m
[35m[HTTP][39m [37m-->[39m [37mGET[39m [37m/wd/hub/session/336136a9-131b-4ae6-a835-95faa520aebe/element/2312bbbe-7696-4eba-9024-d568e034d97d/location[39m
[35m[HTTP][39m [90m{}[39m
[35m[W3C (336136a9)][39m Driver proxy active, passing request on via HTTP proxy
[35m[WD Proxy][39m Replacing sessionId cbfb49dc-546b-452f-a83d-890882ed8fa3 with 336136a9-131b-4ae6-a835-95faa520aebe
[35m[HTTP][39m [37m<-- GET /wd/hub/session/336136a9-131b-4ae6-a835-95faa520aebe/element/2312bbbe-7696-4eba-9024-d568e034d97d/location [39m[32m200[39m [90m11 ms - 78[39m
[35m[HTTP][39m [90m[39m
[35m[HTTP][39m [37m-->[39m [37mPOST[39m [37m/wd/hub/session/336136a9-131b-4ae6-a835-95faa520aebe/touch/perform[39m
[35m[HTTP][39m [90m{"actions":[{"action":"tap","options":{"x":1,"y":1,"element":"2312bbbe-7696-4eba-9024-d568e034d97d"}}]}[39m
[35m[UiAutomator2][39m calling get location: 2312bbbe-7696-4eba-9024-d568e034d97d
[35m[HTTP][39m [37m<-- POST /wd/hub/session/336136a9-131b-4ae6-a835-95faa520aebe/touch/perform [39m[32m200[39m [90m135 ms - 14[39m
[35m[HTTP][39m [90m[39m
[35m[HTTP][39m [37m-->[39m [37mGET[39m [37m/wd/hub/session/336136a9-131b-4ae6-a835-95faa520aebe/source[39m
[35m[HTTP][39m [90m{}[39m
[35m[W3C (336136a9)][39m Driver proxy active, passing request on via HTTP proxy
[35m[WD Proxy][39m Replacing sessionId cbfb49dc-546b-452f-a83d-890882ed8fa3 with 336136a9-131b-4ae6-a835-95faa520aebe
[35m[HTTP][39m [37m<-- GET /wd/hub/session/336136a9-131b-4ae6-a835-95faa520aebe/source [39m[32m200[39m [90m105 ms - 20496[39m
[35m[HTTP][39m [90m[39m
[35m[HTTP][39m [37m-->[39m [37mGET[39m [37m/wd/hub/session/336136a9-131b-4ae6-a835-95faa520aebe/screenshot[39m
[35m[HTTP][39m [90m{}[39m
[35m[HTTP][39m [37m<-- GET /wd/hub/session/336136a9-131b-4ae6-a835-95faa520aebe/screenshot [39m[32m200[39m [90m214 ms - 116856[39m
[35m[HTTP][39m [90m[39m
[35m[HTTP][39m [37m-->[39m [37mDELETE[39m [37m/wd/hub/session/336136a9-131b-4ae6-a835-95faa520aebe[39m
[35m[HTTP][39m [90m{}[39m
[35m[Appium][39m Removing session 336136a9-131b-4ae6-a835-95faa520aebe from our master session list
[35m[UiAutomator2][39m Restoring hidden api policy to the device default configuration
[35m[HTTP][39m [37m<-- DELETE /wd/hub/session/336136a9-131b-4ae6-a835-95faa520aebe [39m[32m200[39m [90m172 ms - 14[39m
[35m[HTTP][39m [90m[39m
